make all --print-data-base --no-builtin-variables --no-builtin-rules --question
# GNU Make 3.81
# Copyright (C) 2006  Free Software Foundation, Inc.
# This is free software; see the source for copying conditions.
# There is NO warranty; not even for MERCHANTABILITY or FITNESS FOR A
# PARTICULAR PURPOSE.

# This program built for i386-apple-darwin11.3.0
 

# Make data base, printed on Sat Aug 13 08:57:28 2022

# Variables

# automatic
<D = $(patsubst %/,%,$(dir $<))
# automatic
?F = $(notdir $?)
# makefile (from `Makefile', line 25)
IFLAGS = -I $(INCLUDE_DIR) -I $(INCLUDE_LIBFT_DIR)
# makefile (from `Makefile', line 19)
TARGET = push_swap
# automatic
?D = $(patsubst %/,%,$(dir $?))
# makefile (from `Makefile', line 59)
FG_CYAN = \033[36m
# makefile (from `Makefile', line 50)
BG_MAKE2 = \033[48;5;238m
# automatic
 
@D = $(patsubst %/,%,$(dir $@))
# automatic
@F = $(notdir $@)
# makefile (from `Makefile', line 30)
LDLIBS = -lft
# makefile
CURDIR := /Users/kyoulee/Documents/git/push_swap
# makefile
SHELL = /bin/sh
# environment
VSCODE_NLS_CONFIG = {"locale":"ko","availableLanguages":{},"_languagePackSupport":true}
# environment
_ = /usr/bin/make
# makefile (from `Makefile', line 67)
FG_LCYAN = \033[96m
# makefile (from `Makefile', line 23)
CFLAGS = -Wall -Werror -Wextra
# makefile (from `Makefile', line 106)
SRC_PUSH_SWAP_C = $(addprefix $(SRC_PUSH_SWAP_DIR)/, $(SRC_PUSH_SWAP_C_SRC))
# makefile (from `Makefile', line 1)
MAKEFILE_LIST :=  Makefile
# makefile (from `Makefile', line 65)
FG_LBLUE = \033[94m
# makefile (from `Makefile', line 75)
CL_HIDDEN = \033[8m
# makefile (from `Makefile', line 87)
OBJ_DIR = $(ROOTDIR)/obj
# makefile (from `Makefile', line 22)
CXXFLAGS = $(NULL)
# makefile (from `Makefile', line 61)
FG_DGREY = \033[90m
# makefile (from `Makefile', line 66)
FG_LMAGENTA = \033[95m
# makefile (from `Makefile', line 83)
SRC_PUSH_SWAP_DIR = $(ROOTDIR)/src_push_swap
# makefile (from `Makefile', line 40)
BG_LGREY = \033[47m
# makefile (from `Makefile', line 38)
BG_MAGENTA = \033[45m
# environment
__CFBundleIdentifier = com.microsoft.VSCode
# environment
INFOPATH = /opt/homebrew/share/info:
# makefile (from `Makefile', line 35)
BG_GREEN = \033[42m
# makefile (from `Makefile', line 68)
FG_WHITE = \033[97m
# makefile (from `Makefile', line 128)
OBJS_CLEAN = $(OBJS)
# makefile (from `Makefile', line 57)
FG_BLUE = \033[34m
# environment
VSCODE_CWD = /
# environment
PATH = /opt/homebrew/bin:/opt/homebrew/sbin:/usr/local/bin:/usr/bin:/bin:/usr/sbin:/sbin:/Library/Apple/usr/bin
# makefile (from `Makefile', line 42)
BG_LRED = \033[101m
# makefile (from `Makefile', line 64)
FG_LYELLOW = \033[93m
# makefile (from `Makefile', line 88)
INCLUDE_DIR = $(ROOTDIR)/include
# makefile (from `Makefile', line 36)
BG_YELLOW = \033[43m
# makefile (from `Makefile', line 63)
FG_LGREEN = \033[92m
# makefile (from `Makefile', line 34)
BG_RED = \033[41m
# makefile (from `Makefile', line 51)
BG_MAKE3 = \033[48;5;240m
# environment
ELECTRON_RUN_AS_NODE = 1
# makefile (from `Makefile', line 28)
LDFLAGS = -L $(LIBFT_DIR)
# default
.FEATURES := target-specific order-only second-expansion else-if archives jobserver check-symlink
# makefile (from `Makefile', line 92)
LIBFT_DIR = $(ROOTDIR)/modules/Libft
# environment
SSH_AUTH_SOCK = /private/tmp/com.apple.launchd.lK2opzWzEV/Listeners
# automatic
%F = $(notdir $%)
# makefile (from `Makefile', line 24)
DFLAGS = $(NULL)
# makefile (from `Makefile', line 123)
OBJS = $(SRC_C:$(SRC_DIR)/%.c=$(OBJ_DIR)/%.o) $(SRC_PUSH_SWAP_C:$(SRC_PUSH_SWAP_DIR)/%.c=$(OBJ_DIR)/%.o) $(SRC_DOUBLY_LIST_C:$(SRC_DOUBLY_LIST_DIR)/%.c=$(OBJ_DIR)/%.o) $(SRC_QUICK_SORT_C:$(SRC_QUICK_SORT_DIR)/%.c=$(OBJ_DIR)/%.o)
# environment
PWD = /Users/kyoulee/Documents/git/push_swap
# makefile (from `Makefile', line 46)
BG_LMAGENTA = \033[105m
# environment
HOMEBREW_CELLAR = /opt/homebrew/Cellar
# makefile (from `Makefile', line 73)
CL_BLINK = \033[5m
# environment
ORIGINAL_XDG_CURRENT_DESKTOP = undefined
# environment
MANPATH = /opt/homebrew/share/man::
# environment
VSCODE_AMD_ENTRYPOINT = vs/workbench/api/node/extensionHostProcess
# environment
HOME = /Users/kyoulee
# makefile (from `Makefile', line 96)
SRC_C_SRC = main.c
# default
MAKEFILEPATH = $(shell /usr/bin/xcode-select -print-path 2>/dev/null || echo /Developer)/Makefiles
# environment
VSCODE_CODE_CACHE_PATH = /Users/kyoulee/Library/Application Support/Code/CachedData/6d9b74a70ca9c7733b29f0456fd8195364076dda
# environment
LOGNAME = kyoulee
# environment
APPLICATION_INSIGHTS_NO_DIAGNOSTIC_CHANNEL = true
# environment
VSCODE_HANDLES_UNCAUGHT_ERRORS = true
# automatic
^D = $(patsubst %/,%,$(dir $^))
# makefile (from `Makefile', line 58)
FG_MAGENTA = \033[35m
# environment
XPC_FLAGS = 0x0
# makefile (from `Makefile', line 71)
CL_DIM = \033[2m
# default
MAKE = $(MAKE_COMMAND)
# default
MAKECMDGOALS := all
# environment
SHLVL = 1
# makefile (from `Makefile', line 91)
LIBFT = $(LIBFT_DIR)/libft.a
# makefile (from `Makefile', line 21)
CC = cc
# makefile (from `Makefile', line 47)
BG_LCYAN = \033[106m
# makefile (from `Makefile', line 117)
SRC_QUICK_SORT_C_SRC = ft_pivot_split.c ft_quick_sort.c
# default
MAKE_VERSION := 3.81
# environment
USER = kyoulee
# makefile
.DEFAULT_GOAL := all
# makefile (from `Makefile', line 70)
CL_BOLD = \033[1m
# makefile (from `Makefile', line 56)
FG_YELLOW = \033[33m
# makefile (from `Makefile', line 108)
SRC_DOUBLY_LIST_C_SRC = ft_doubly_list_add.c ft_doubly_list_connect.c ft_doubly_list_head_add.c ft_doubly_list_head_pop.c ft_doubly_list.c
# automatic
%D = $(patsubst %/,%,$(dir $%))
# makefile (from `Makefile', line 45)
BG_LBLUE = \033[104m
# makefile (from `Makefile', line 41)
BG_DGREY = \033[100m
# default
MAKE_COMMAND := /Library/Developer/CommandLineTools/usr/bin/make
# makefile (from `Makefile', line 60)
FG_LGREY = \033[37m
# default
.VARIABLES := 
# environment
TMPDIR = /var/folders/3l/_b_4697s3xj0ly4vm2tfkzk80000gn/T/
# automatic
*F = $(notdir $*)
# makefile (from `Makefile', line 74)
CL_INVERT = \033[7m
# makefile (from `Makefile', line 55)
FG_GREEN = \033[32m
# environment
VSCODE_IPC_HOOK = /Users/kyoulee/Library/Application Support/Code/1.70.1-main.sock
# environment
MallocNanoZone = 0
# makefile (from `Makefile', line 48)
BG_WHITE = \033[107m
# makefile
MAKEFLAGS = Rrqp
# makefile (from `Makefile', line 37)
BG_BLUE = \033[44m
# environment
MFLAGS = -Rrqp
# automatic
*D = $(patsubst %/,%,$(dir $*))
# environment
MAIL = kyoulee@student.42seoul.kr
# environment
XPC_SERVICE_NAME = application.com.microsoft.VSCode.4278795.4278801
# environment
HOMEBREW_PREFIX = /opt/homebrew
# automatic
+D = $(patsubst %/,%,$(dir $+))
# makefile (from `Makefile', line 39)
BG_CYAN = \033[46m
# makefile (from `Makefile', line 62)
FG_LRED = \033[91m
# automatic
+F = $(notdir $+)
# makefile (from `Makefile', line 98)
SRC_C = $(addprefix $(SRC_DIR)/, $(SRC_C_SRC))
# environment
HOMEBREW_REPOSITORY = /opt/homebrew
# makefile (from `Makefile', line 93)
INCLUDE_LIBFT_DIR = $(LIBFT_DIR)/include
# environment
__CF_USER_TEXT_ENCODING = 0x1F5:0x3:0x33
# environment
COMMAND_MODE = unix2003
# default
MAKEFILES := 
# makefile (from `Makefile', line 82)
SRC_DIR = $(ROOTDIR)/src
# automatic
<F = $(notdir $<)
# makefile (from `Makefile', line 43)
BG_LGREEN = \033[102m
# makefile (from `Makefile', line 54)
FG_RED = \033[31m
# makefile (from `Makefile', line 100)
SRC_PUSH_SWAP_C_SRC = ft_pp.c ft_rr.c ft_rrr.c ft_ss.c
# makefile (from `Makefile', line 53)
FG_BLACK = \033[30m
# environment
LC_ALL = C
# automatic
^F = $(notdir $^)
# makefile (from `Makefile', line 121)
SRC_QUICK_SORT_C = $(addprefix $(SRC_QUICK_SORT_DIR)/, $(SRC_QUICK_SORT_C_SRC))
# default
SUFFIXES := 
# makefile (from `Makefile', line 81)
ROOTDIR = $(abspath $(dir $(word $(words $(MAKEFILE_LIST)),$(MAKEFILE_LIST))))
# makefile (from `Makefile', line 72)
CL_UDLINE = \033[4m
# makefile (from `Makefile', line 115)
SRC_DOUBLY_LIST_C = $(addprefix $(SRC_DOUBLY_LIST_DIR)/, $(SRC_DOUBLY_LIST_C_SRC))
# makefile (from `Makefile', line 49)
BG_MAKE1 = \033[48;5;236m
# makefile (from `Makefile', line 85)
SRC_QUICK_SORT_DIR = $(ROOTDIR)/src_quick_sort
# environment
MAKELEVEL := 0
# makefile (from `Makefile', line 84)
SRC_DOUBLY_LIST_DIR = $(ROOTDIR)/src_doubly_list
# environment
LANG = C
# environment
VSCODE_PID = 8487
# makefile (from `Makefile', line 44)
BG_LYELLOW = \033[103m
# makefile (from `Makefile', line 77)
NO_COLOR = \033[0m
# variable set hash-table stats:
# Load=132/1024=13%, Rehash=0, Collisions=21/285=7%

# Pattern-specific Variable Values

# No pattern-specific variable values.

# Directories

# /Users/kyoulee/Documents/git/push_swap/src_doubly_list (device 16777229, inode 4265992): No files, no impossibilities so far.
# . (device 16777229, inode 4264211): 17 files, no impossibilities.
# /Users/kyoulee/Documents/git/push_swap/src_push_swap (device 16777229, inode 4264316): No files, no impossibilities so far.
# /Users/kyoulee/Documents/git/push_swap/src (device 16777229, inode 4356333): 3 files, no impossibilities so far.
 
# /Users/kyoulee/Documents/git/push_swap/src_quick_sort (device 16777229, inode 4338916): No files, no impossibilities so far.

# 20 files, no impossibilities in 5 directories.

# Implicit Rules

/Users/kyoulee/Documents/git/push_swap/obj/%.o: /Users/kyoulee/Documents/git/push_swap/src/%.c
#  commands to execute (from `Makefile', line 152):
	$(CC) $(CPPFLAGS) $(IFLAGS) -c $< -o $@
	

/Users/kyoulee/Documents/git/push_swap/obj/%.o: /Users/kyoulee/Documents/git/push_swap/src_push_swap/%.c
#  commands to execute (from `Makefile', line 155):
	$(CC) $(CPPFLAGS) $(IFLAGS) -c $< -o $@
	

/Users/kyoulee/Documents/git/push_swap/obj/%.o: /Users/kyoulee/Documents/git/push_swap/src_doubly_list/%.c
#  commands to execute (from `Makefile', line 158):
	$(CC) $(CPPFLAGS) $(IFLAGS) -c $< -o $@
	

/Users/kyoulee/Documents/git/push_swap/obj/%.o: /Users/kyoulee/Documents/git/push_swap/src_quick_sort/%.c
#  commands to execute (from `Makefile', line 161):
	$(CC) $(CPPFLAGS) $(IFLAGS) -c $< -o $@
	

# 4 implicit rules, 0 (0.0%) terminal.

# Files

# Not a target:
/Users/kyoulee/Documents/git/push_swap/obj/ft_doubly_list.o:
#  Implicit rule search has not been done.
#  Modification time never checked.
#  File has not been updated.

all: /Users/kyoulee/Documents/git/push_swap/obj push_swap
#  Phony target (prerequisite of .PHONY).
#  Command-line target.
#  Implicit rule search has not been done.
#  File does not exist.
#  File has been updated.
#  Needs to be updated (-q is set).
# variable set hash-table stats:
# Load=0/32=0%, Rehash=0, Collisions=0/14=0%

.PHONY: all re clean fclean clean_libft
#  Implicit rule search has not been done.
#  Modification time never checked.
#  File has not been updated.

/Users/kyoulee/Documents/git/push_swap/obj/main.o: /Users/kyoulee/Documents/git/push_swap/src/main.c
#  Implicit rule search has been done.
#  Implicit/static pattern stem: `main'
#  File does not exist.
#  File has been updated.
#  Needs to be updated (-q is set).
# automatic
# @ := /Users/kyoulee/Documents/git/push_swap/obj/main.o
# automatic
# % := 
# automatic
# * := main
# automatic
# + := /Users/kyoulee/Documents/git/push_swap/src/main.c
# automatic
# | := 
# automatic
# < := /Users/kyoulee/Documents/git/push_swap/src/main.c
# automatic
# ^ := /Users/kyoulee/Documents/git/push_swap/src/main.c
# automatic
# ? := /Users/kyoulee/Documents/git/push_swap/src/main.c
# variable set hash-table stats:
# Load=8/32=25%, Rehash=0, Collisions=3/24=12%
#  commands to execute (from `Makefile', line 152):
	$(CC) $(CPPFLAGS) $(IFLAGS) -c $< -o $@
	

# Not a target:
/Users/kyoulee/Documents/git/push_swap/obj/ft_pp.o:
#  Implicit rule search has not been done.
#  Modification time never checked.
#  File has not been updated.

# Not a target:
/Users/kyoulee/Documents/git/push_swap/obj/ft_rrr.o:
#  Implicit rule search has not been done.
#  Modification time never checked.
#  File has not been updated.

# Not a target:
.SUFFIXES:
#  Implicit rule search has not been done.
#  Modification time never checked.
#  File has not been updated.

# Not a target:
/Users/kyoulee/Documents/git/push_swap/obj/ft_doubly_list_add.o:
#  Implicit rule search has not been done.
#  Modification time never checked.
#  File has not been updated.

# Not a target:
Makefile:
#  Implicit rule search has been done.
#  Last modified 2022-08-13 08:57:20
#  File has been updated.
#  Successfully updated.
# variable set hash-table stats:
# Load=0/32=0%, Rehash=0, Collisions=0/0=0%

debug:
#  Implicit rule search has not been done.
#  Modification time never checked.
#  File has not been updated.
#  commands to execute (from `Makefile', line 164):
	$(CC) main.c $(CFLAGS) $(IFLAGS) $(LDFLAGS) $(LDLIBS) $(OBJS) -g3 -fsanitize=address
 
	

test:
#  Implicit rule search has not been done.
#  Modification time never checked.
#  File has not been updated.
#  commands to execute (from `Makefile', line 137):
	@echo "$(OBJS) -o $(TARGET)"
	

/Users/kyoulee/Documents/git/push_swap/modules/Libft/libft.a:
#  Implicit rule search has not been done.
#  Modification time never checked.
#  File has not been updated.
#  commands to execute (from `Makefile', line 168):
	echo "$(FG_MAGENTA)module $(FG_LYELLOW)Libft$(NO_COLOR) -> $(FG_LCYAN)$(LIBFT)$(NO_COLOR)$(BG_MAKE1)"
	$(MAKE) -C $(LIBFT_DIR) bonus
	@echo "$(NO_COLOR)"
	

/Users/kyoulee/Documents/git/push_swap/obj:
#  Implicit rule search has not been done.
#  Last modified 2022-08-13 08:57:23
#  File has been updated.
#  Successfully updated.
#  commands to execute (from `Makefile', line 149):
	mkdir $@
	

bonus: /Users/kyoulee/Documents/git/push_swap/obj push_swap
#  Implicit rule search has not been done.
#  Modification time never checked.
#  File has not been updated.

fclean: clean
#  Phony target (prerequisite of .PHONY).
#  Implicit rule search has not been done.
#  File does not exist.
#  File has not been updated.
# makefile (from `Makefile', line 183)
# OBJS_CLEAN += $(TARGET)
# variable set hash-table stats:
# Load=1/32=3%, Rehash=0, Collisions=0/2=0%

# Not a target:
/Users/kyoulee/Documents/git/push_swap/obj/ft_doubly_list_connect.o:
#  Implicit rule search has not been done.
#  Modification time never checked.
#  File has not been updated.

# Not a target:
.DEFAULT:
#  Implicit rule search has not been done.
#  Modification time never checked.
#  File has not been updated.

# Not a target:
/Users/kyoulee/Documents/git/push_swap/obj/ft_ss.o:
#  Implicit rule search has not been done.
#  Modification time never checked.
#  File has not been updated.

re: fclean all
#  Phony target (prerequisite of .PHONY).
#  Implicit rule search has not been done.
#  File does not exist.
#  File has not been updated.

clean: clean_libft
#  Phony target (prerequisite of .PHONY).
#  Implicit rule search has not been done.
#  File does not exist.
#  File has not been updated.
#  commands to execute (from `Makefile', line 181):
	rm -f $(OBJS_CLEAN)
	

push_swap: /Users/kyoulee/Documents/git/push_swap/obj/main.o /Users/kyoulee/Documents/git/push_swap/obj/ft_pp.o /Users/kyoulee/Documents/git/push_swap/obj/ft_rr.o /Users/kyoulee/Documents/git/push_swap/obj/ft_rrr.o /Users/kyoulee/Documents/git/push_swap/obj/ft_ss.o /Users/kyoulee/Documents/git/push_swap/obj/ft_doubly_list_add.o /Users/kyoulee/Documents/git/push_swap/obj/ft_doubly_list_connect.o /Users/kyoulee/Documents/git/push_swap/obj/ft_doubly_list_head_add.o /Users/kyoulee/Documents/git/push_swap/obj/ft_doubly_list_head_pop.o /Users/kyoulee/Documents/git/push_swap/obj/ft_doubly_list.o /Users/kyoulee/Documents/git/push_swap/obj/ft_pivot_split.o /Users/kyoulee/Documents/git/push_swap/obj/ft_quick_sort.o /Users/kyoulee/Documents/git/push_swap/modules/Libft/libft.a
#  Implicit rule search has not been done.
#  File does not exist.
#  File has been updated.
#  Needs to be updated (-q is set).
# variable set hash-table stats:
# Load=0/32=0%, Rehash=0, Collisions=0/14=0%
#  commands to execute (from `Makefile', line 141):
	$(CC) $(CFLAGS) $(IFLAGS) $(LDFLAGS) $(LDLIBS) $(OBJS) -o $(TARGET)
	@echo "$(FG_LMAGENTA)$(CC) $(FG_BLUE) $(CFLAGS)"
	@(for i in $(IFLAGS) $(LDFLAGS); do echo $$i; done)
	@echo "$(LDLIBS) $(FG_LCYAN)"
	@(for i in $(OBJS); do echo $$i; done)
	@echo "$(FG_BLUE)-o $(FG_LYELLOW)$(TARGET)"
	

# Not a target:
/Users/kyoulee/Documents/git/push_swap/src/main.c:
#  Implicit rule search has been done.
#  Last modified 2022-08-13 08:56:25
#  File has been updated.
#  Successfully updated.
# variable set hash-table stats:
# Load=0/32=0%, Rehash=0, Collisions=0/0=0%

# Not a target:
/Users/kyoulee/Documents/git/push_swap/obj/ft_rr.o:
#  Implicit rule search has not been done.
#  Modification time never checked.
#  File has not been updated.

clean_libft:
#  Phony target (prerequisite of .PHONY).
#  Implicit rule search has not been done.
#  File does not exist.
#  File has not been updated.
#  commands to execute (from `Makefile', line 176):
	@echo "clean $(FG_MAGENTA)module $(FG_LYELLOW)$(notdir $(LIBFT))$(NO_COLOR)$(BG_MAKE1)"
	$(MAKE) -C $(LIBFT_DIR) fclean 
	@echo "$(NO_COLOR)"
	

# Not a target:
/Users/kyoulee/Documents/git/push_swap/obj/ft_pivot_split.o:
#  Implicit rule search has not been done.
#  Modification time never checked.
#  File has not been updated.

# Not a target:
/Users/kyoulee/Documents/git/push_swap/obj/ft_doubly_list_head_pop.o:
#  Implicit rule search has not been done.
#  Modification time never checked.
#  File has not been updated.

# Not a target:
/Users/kyoulee/Documents/git/push_swap/obj/ft_quick_sort.o:
#  Implicit rule search has not been done.
#  Modification time never checked.
#  File has not been updated.

# Not a target:
/Users/kyoulee/Documents/git/push_swap/obj/ft_doubly_list_head_add.o:
#  Implicit rule search has not been done.
#  Modification time never checked.
#  File has not been updated.

# files hash-table stats:
# Load=28/1024=3%, Rehash=0, Collisions=1/72=1%
# VPATH Search Paths

# No `vpath' search paths.

# No general (`VPATH' variable) search path.

# # of strings in strcache: 1
# # of strcache buffers: 1
# strcache size: total = 4096 / max = 4096 / min = 4096 / avg = 4096
# strcache free: total = 4087 / max = 4087 / min = 4087 / avg = 4087

# Finished Make data base on Sat Aug 13 08:57:28 2022

 
